生成启动时间为 2018/2/5 15:18:50。
     1>项目“E:\Test\OpenGLES_Test\build\ZERO_CHECK.vcxproj”在节点 2 上(Build 个目标)。
     1>CustomBuild:
         Checking Build System
         CMake does not need to re-run because E:/Test/OpenGLES_Test/build/CMakeFiles/generate.stamp is up-to-date.
         CMake does not need to re-run because E:/Test/OpenGLES_Test/build/Common/CMakeFiles/generate.stamp is up-to-date.
         CMake does not need to re-run because E:/Test/OpenGLES_Test/build/Chapter_2/Hello_Triangle/CMakeFiles/generate.stamp is up-to-date.
         CMake does not need to re-run because E:/Test/OpenGLES_Test/build/Chapter_6/Example_6_3/CMakeFiles/generate.stamp is up-to-date.
         CMake does not need to re-run because E:/Test/OpenGLES_Test/build/Chapter_6/Example_6_6/CMakeFiles/generate.stamp is up-to-date.
         CMake does not need to re-run because E:/Test/OpenGLES_Test/build/Chapter_6/MapBuffers/CMakeFiles/generate.stamp is up-to-date.
         CMake does not need to re-run because E:/Test/OpenGLES_Test/build/Chapter_6/VertexArrayObjects/CMakeFiles/generate.stamp is up-to-date.
         CMake does not need to re-run because E:/Test/OpenGLES_Test/build/Chapter_6/VertexBufferObjects/CMakeFiles/generate.stamp is up-to-date.
         CMake does not need to re-run because E:/Test/OpenGLES_Test/build/Chapter_7/Instancing/CMakeFiles/generate.stamp is up-to-date.
         CMake does not need to re-run because E:/Test/OpenGLES_Test/build/Chapter_8/Simple_VertexShader/CMakeFiles/generate.stamp is up-to-date.
         CMake does not need to re-run because E:/Test/OpenGLES_Test/build/Chapter_9/Simple_Texture2D/CMakeFiles/generate.stamp is up-to-date.
         CMake does not need to re-run because E:/Test/OpenGLES_Test/build/Chapter_9/Simple_TextureCubemap/CMakeFiles/generate.stamp is up-to-date.
         CMake does not need to re-run because E:/Test/OpenGLES_Test/build/Chapter_9/MipMap2D/CMakeFiles/generate.stamp is up-to-date.
         CMake does not need to re-run because E:/Test/OpenGLES_Test/build/Chapter_9/TextureWrap/CMakeFiles/generate.stamp is up-to-date.
         CMake does not need to re-run because E:/Test/OpenGLES_Test/build/Chapter_10/MultiTexture/CMakeFiles/generate.stamp is up-to-date.
         CMake does not need to re-run because E:/Test/OpenGLES_Test/build/Chapter_11/MRTs/CMakeFiles/generate.stamp is up-to-date.
         CMake does not need to re-run because E:/Test/OpenGLES_Test/build/Chapter_14/Noise3D/CMakeFiles/generate.stamp is up-to-date.
         CMake does not need to re-run because E:/Test/OpenGLES_Test/build/Chapter_14/ParticleSystem/CMakeFiles/generate.stamp is up-to-date.
         CMake does not need to re-run because E:/Test/OpenGLES_Test/build/Chapter_14/ParticleSystemTransformFeedback/CMakeFiles/generate.stamp is up-to-date.
         CMake does not need to re-run because E:/Test/OpenGLES_Test/build/Chapter_14/Shadows/CMakeFiles/generate.stamp is up-to-date.
         CMake does not need to re-run because E:/Test/OpenGLES_Test/build/Chapter_14/TerrainRendering/CMakeFiles/generate.stamp is up-to-date.
     1>已完成生成项目“E:\Test\OpenGLES_Test\build\ZERO_CHECK.vcxproj”(Build 个目标)的操作。

生成成功。

已用时间 00:00:00.12
